{"message":"No book found for the given book Id kjhjkh","level":"INFO","timestamp":"2020-06-04T17:48:13.565Z","data":{"Id":"kjhjkh"}}
{"message":"Internal Server Error name Error message TypeError: fs.readdirSync is not a function","level":"INFO","timestamp":"2020-06-05T18:12:00.266Z","data":{"err":"Error","message":"TypeError: fs.readdirSync is not a function"}}
{"message":"Internal Server Error name Error message TypeError: fs.readdirSync is not a function","level":"INFO","timestamp":"2020-06-05T18:14:29.133Z","data":{"err":"Error","message":"TypeError: fs.readdirSync is not a function"}}
{"message":"Internal Server Error name Error message TypeError: fs.readdirSync is not a function","level":"INFO","timestamp":"2020-06-05T18:17:04.946Z","data":{"err":"Error","message":"TypeError: fs.readdirSync is not a function"}}
{"message":"Internal Server Error name Error message Provided options are incorrect.","level":"INFO","timestamp":"2020-06-05T18:17:35.880Z","data":{"err":"Error","message":"Provided options are incorrect."}}
{"message":"Internal Server Error name Error message TypeError: fs.readdirSync is not a function","level":"INFO","timestamp":"2020-06-05T18:18:15.255Z","data":{"err":"Error","message":"TypeError: fs.readdirSync is not a function"}}
{"message":"Internal Server Error name Error message TypeError: fs.readdirSync is not a function","level":"INFO","timestamp":"2020-06-05T18:29:14.477Z","data":{"err":"Error","message":"TypeError: fs.readdirSync is not a function"}}
{"message":"Internal Server Error name Error message TypeError: fs.readdirSync is not a function","level":"INFO","timestamp":"2020-06-05T18:42:32.781Z","data":{"err":"Error","message":"TypeError: fs.readdirSync is not a function"}}
{"message":"Internal Server Error name Error message TypeError: fs.readdirSync is not a function","level":"INFO","timestamp":"2020-06-05T18:43:01.461Z","data":{"err":"Error","message":"TypeError: fs.readdirSync is not a function"}}
{"message":"Internal Server Error name Error message TypeError: fs.readdirSync is not a function","level":"INFO","timestamp":"2020-06-05T18:43:02.715Z","data":{"err":"Error","message":"TypeError: fs.readdirSync is not a function"}}
{"message":"Internal Server Error name Error message TypeError: fs.readdirSync is not a function","level":"INFO","timestamp":"2020-06-05T18:43:28.158Z","data":{"err":"Error","message":"TypeError: fs.readdirSync is not a function"}}
{"message":"Internal Server Error name Error message TypeError: fs.readdirSync is not a function","level":"INFO","timestamp":"2020-06-05T18:45:07.133Z","data":{"err":"Error","message":"TypeError: fs.readdirSync is not a function"}}
{"message":"Internal Server Error name Error message TypeError: fs.readdirSync is not a function","level":"INFO","timestamp":"2020-06-05T18:46:18.363Z","data":{"err":"Error","message":"TypeError: fs.readdirSync is not a function"}}
{"message":"Internal Server Error name Error message TypeError: fs.readdirSync is not a function","level":"INFO","timestamp":"2020-06-05T18:48:33.379Z","data":{"err":"Error","message":"TypeError: fs.readdirSync is not a function"}}
{"message":"Internal Server Error name Error message Error: Node.js fs module is not supported by jspm core. Deno support here is tracking in https://github.com/jspm/jspm-core/issues/4, +1's are appreciated!","level":"INFO","timestamp":"2020-06-05T18:49:31.763Z","data":{"err":"Error","message":"Error: Node.js fs module is not supported by jspm core. Deno support here is tracking in https://github.com/jspm/jspm-core/issues/4, +1's are appreciated!"}}
{"message":"Internal Server Error name Error message Error: Node.js fs module is not supported by jspm core. Deno support here is tracking in https://github.com/jspm/jspm-core/issues/4, +1's are appreciated!","level":"INFO","timestamp":"2020-06-05T19:22:49.574Z","data":{"err":"Error","message":"Error: Node.js fs module is not supported by jspm core. Deno support here is tracking in https://github.com/jspm/jspm-core/issues/4, +1's are appreciated!"}}
{"message":"Internal Server Error name Error message Error: Node.js fs module is not supported by jspm core. Deno support here is tracking in https://github.com/jspm/jspm-core/issues/4, +1's are appreciated!","level":"INFO","timestamp":"2020-06-05T19:30:25.702Z","data":{"err":"Error","message":"Error: Node.js fs module is not supported by jspm core. Deno support here is tracking in https://github.com/jspm/jspm-core/issues/4, +1's are appreciated!"}}
{"message":"Internal Server Error name Error message TypeError: fs.readdirSync is not a function","level":"INFO","timestamp":"2020-06-05T19:31:20.499Z","data":{"err":"Error","message":"TypeError: fs.readdirSync is not a function"}}
{"message":"Internal Server Error name Error message Error: Node.js fs module is not supported by jspm core. Deno support here is tracking in https://github.com/jspm/jspm-core/issues/4, +1's are appreciated!","level":"INFO","timestamp":"2020-06-06T04:16:27.188Z","data":{"err":"Error","message":"Error: Node.js fs module is not supported by jspm core. Deno support here is tracking in https://github.com/jspm/jspm-core/issues/4, +1's are appreciated!"}}
{"message":"Internal Server Error name Error message Error: Node.js fs module is not supported by jspm core. Deno support here is tracking in https://github.com/jspm/jspm-core/issues/4, +1's are appreciated!","level":"INFO","timestamp":"2020-06-06T04:19:31.331Z","data":{"err":"Error","message":"Error: Node.js fs module is not supported by jspm core. Deno support here is tracking in https://github.com/jspm/jspm-core/issues/4, +1's are appreciated!"}}
{"message":"Internal Server Error name Error message TypeError: fs.readdirSync is not a function","level":"INFO","timestamp":"2020-06-06T04:21:09.811Z","data":{"err":"Error","message":"TypeError: fs.readdirSync is not a function"}}
{"message":"Internal Server Error name Error message TypeError: fs.readdirSync is not a function","level":"INFO","timestamp":"2020-06-06T05:09:08.802Z","data":{"err":"Error","message":"TypeError: fs.readdirSync is not a function"}}
{"message":"Internal Server Error name Error message TypeError: fs.readdirSync is not a function","level":"INFO","timestamp":"2020-06-08T12:09:05.046Z","data":{"err":"Error","message":"TypeError: fs.readdirSync is not a function"}}
{"message":"Internal Server Error name Error message TypeError: fs.readdirSync is not a function","level":"INFO","timestamp":"2020-06-08T12:09:32.341Z","data":{"err":"Error","message":"TypeError: fs.readdirSync is not a function"}}
{"message":"Internal Server Error name NotFound message No such file or directory (os error 2)","level":"INFO","timestamp":"2020-06-08T12:15:59.232Z","data":{"err":"NotFound","message":"No such file or directory (os error 2)"}}
{"message":"Internal Server Error name NotFound message No such file or directory (os error 2)","level":"INFO","timestamp":"2020-06-08T12:16:32.600Z","data":{"err":"NotFound","message":"No such file or directory (os error 2)"}}
{"message":"Internal Server Error name Error message TypeError: fs.readdirSync is not a function","level":"INFO","timestamp":"2020-06-08T12:17:24.690Z","data":{"err":"Error","message":"TypeError: fs.readdirSync is not a function"}}
{"message":"Internal Server Error name TypeError message fs.readdirSync is not a function","level":"INFO","timestamp":"2020-06-08T12:18:22.064Z","data":{"err":"TypeError","message":"fs.readdirSync is not a function"}}
{"message":"Internal Server Error name Error message Error: Node.js fs module is not supported by jspm core. Deno support here is tracking in https://github.com/jspm/jspm-core/issues/4, +1's are appreciated!","level":"INFO","timestamp":"2020-06-08T12:18:54.380Z","data":{"err":"Error","message":"Error: Node.js fs module is not supported by jspm core. Deno support here is tracking in https://github.com/jspm/jspm-core/issues/4, +1's are appreciated!"}}
{"message":"Internal Server Error name Error message NotFound: No such file or directory (os error 2)","level":"INFO","timestamp":"2020-06-08T18:36:53.993Z","data":{"err":"Error","message":"NotFound: No such file or directory (os error 2)"}}
{"message":"Internal Server Error name Error message NotFound: No such file or directory (os error 2)","level":"INFO","timestamp":"2020-06-08T18:37:44.337Z","data":{"err":"Error","message":"NotFound: No such file or directory (os error 2)"}}
{"message":"Internal Server Error name Error message NotFound: No such file or directory (os error 2)","level":"INFO","timestamp":"2020-06-08T18:38:35.547Z","data":{"err":"Error","message":"NotFound: No such file or directory (os error 2)"}}
{"message":"No User found for the given Id 5ede8bb100d14066003390dc","level":"INFO","timestamp":"2020-06-08T19:08:29.358Z","data":{"Id":"5ede8bb100d14066003390dc"}}
